Available videos to process: 8

=== Video 1/8: -571d8cVauQ ===
YouTube: https://www.youtube.com/watch?v=-571d8cVauQ
Frames: 2677 | Duration: 89.23s
 Frame  Start(s)    End(s)       AU1      AU2      AU4      AU5      AU6      AU7      AU9     AU10     AU12     AU14     AU15     AU17     AU18     AU20     AU23     AU24     AU25     AU26     AU28     AU43
---------------------------------------------------------------------------------------------------------------------------------------------------------------------------------------------------------------
     0     0.000     0.033     0.000    0.000    0.000    0.000    0.000    0.000    0.000    0.000    0.000    0.000    0.000    0.000    0.000    0.000    0.000    0.000    0.000    0.000    0.000    0.000
     1     0.033     0.067     0.000    0.000    0.000    0.000    0.000    0.000    0.000    0.000    0.000    0.000    0.000    0.000    0.000    0.000    0.000    0.000    0.000    0.000    0.000    0.000
     2     0.067     0.100     0.000    0.000    0.000    0.000    0.000    0.000    0.000    0.000    0.000    0.000    0.000    0.000    0.000    0.000    0.000    0.000    0.000    0.000    0.000    0.000
     3     0.100     0.133     0.000    0.000    0.000    0.000    0.000    0.000    0.000    0.000    0.000    0.000    0.000    0.000    0.000    0.000    0.000    0.000    0.000    0.000    0.000    0.000
     4     0.133     0.167     0.000    0.000    0.000    0.000    0.000    0.000    0.000    0.000    0.000    0.000    0.000    0.000    0.000    0.000    0.000    0.000    0.000    0.000    0.000    0.000
     5     0.167     0.200    -1.054   -1.014   -0.280   -1.424   -1.013   -1.057   -0.587   -0.442   -0.630   -0.102   -0.943   -0.142    0.926   -1.754   -0.313    0.225   -2.762   -1.752   -1.428   -0.281
     6     0.200     0.233    -0.623   -0.495   -0.210   -1.120   -1.399   -1.126   -1.020   -0.664   -0.622   -0.360   -0.935    0.032    0.066   -0.221   -0.588   -0.226   -1.981   -1.538   -0.748    1.064
     7     0.233     0.267    -1.590   -1.143    0.328   -0.787   -0.393   -0.192    0.843   -0.105   -0.771   -0.745   -1.200   -0.172    0.115   -1.036   -0.595   -0.293   -1.382   -1.376   -1.884    0.611
     8     0.267     0.300    -0.747   -1.006    0.346   -1.453   -0.974   -0.604   -0.025   -0.539   -1.034   -0.648   -1.380   -0.616    0.159   -0.598   -0.770   -0.618   -1.034   -1.217   -1.312    1.749
     9     0.300     0.333    -0.692   -0.817    0.069   -1.185   -1.067   -0.877   -0.249   -0.696   -1.051   -0.777   -1.067   -0.168   -0.120   -0.705   -0.682   -0.507   -1.536   -1.630   -1.579    1.921

Saved to d:\download hdd\version 2\output\AuFiles\-571d8cVauQ_au_activations.csv

=== Video 2/8: -6rXp3zJ3kc ===
YouTube: https://www.youtube.com/watch?v=-6rXp3zJ3kc
Frames: 2255 | Duration: 75.17s
 Frame  Start(s)    End(s)       AU1      AU2      AU4      AU5      AU6      AU7      AU9     AU10     AU12     AU14     AU15     AU17     AU18     AU20     AU23     AU24     AU25     AU26     AU28     AU43
---------------------------------------------------------------------------------------------------------------------------------------------------------------------------------------------------------------
     0     0.000     0.033     0.000    0.000    0.000    0.000    0.000    0.000    0.000    0.000    0.000    0.000    0.000    0.000    0.000    0.000    0.000    0.000    0.000    0.000    0.000    0.000
     1     0.033     0.067     0.000    0.000    0.000    0.000    0.000    0.000    0.000    0.000    0.000    0.000    0.000    0.000    0.000    0.000    0.000    0.000    0.000    0.000    0.000    0.000
     2     0.067     0.100     0.000    0.000    0.000    0.000    0.000    0.000    0.000    0.000    0.000    0.000    0.000    0.000    0.000    0.000    0.000    0.000    0.000    0.000    0.000    0.000
     3     0.100     0.133     0.000    0.000    0.000    0.000    0.000    0.000    0.000    0.000    0.000    0.000    0.000    0.000    0.000    0.000    0.000    0.000    0.000    0.000    0.000    0.000
     4     0.133     0.167     0.000    0.000    0.000    0.000    0.000    0.000    0.000    0.000    0.000    0.000    0.000    0.000    0.000    0.000    0.000    0.000    0.000    0.000    0.000    0.000
     5     0.167     0.200     0.000    0.000    0.000    0.000    0.000    0.000    0.000    0.000    0.000    0.000    0.000    0.000    0.000    0.000    0.000    0.000    0.000    0.000    0.000    0.000
     6     0.200     0.233     0.000    0.000    0.000    0.000    0.000    0.000    0.000    0.000    0.000    0.000    0.000    0.000    0.000    0.000    0.000    0.000    0.000    0.000    0.000    0.000
     7     0.233     0.267     0.000    0.000    0.000    0.000    0.000    0.000    0.000    0.000    0.000    0.000    0.000    0.000    0.000    0.000    0.000    0.000    0.000    0.000    0.000    0.000
     8     0.267     0.300     0.000    0.000    0.000    0.000    0.000    0.000    0.000    0.000    0.000    0.000    0.000    0.000    0.000    0.000    0.000    0.000    0.000    0.000    0.000    0.000
     9     0.300     0.333    -0.997   -0.821   -0.652   -1.278   -0.754   -0.769   -1.533   -0.412    0.095    0.808   -1.411   -0.427   -1.789   -0.440   -0.360    0.043   -0.733    0.121   -0.009    0.285

Saved to d:\download hdd\version 2\output\AuFiles\-6rXp3zJ3kc_au_activations.csv

=== Video 3/8: -Eqdz5y4pEY ===
YouTube: https://www.youtube.com/watch?v=-Eqdz5y4pEY
Frames: 1757 | Duration: 58.63s
 Frame  Start(s)    End(s)       AU1      AU2      AU4      AU5      AU6      AU7      AU9     AU10     AU12     AU14     AU15     AU17     AU18     AU20     AU23     AU24     AU25     AU26     AU28     AU43
---------------------------------------------------------------------------------------------------------------------------------------------------------------------------------------------------------------
     0     0.000     0.033     0.000    0.000    0.000    0.000    0.000    0.000    0.000    0.000    0.000    0.000    0.000    0.000    0.000    0.000    0.000    0.000    0.000    0.000    0.000    0.000
     1     0.033     0.067     0.000    0.000    0.000    0.000    0.000    0.000    0.000    0.000    0.000    0.000    0.000    0.000    0.000    0.000    0.000    0.000    0.000    0.000    0.000    0.000
     2     0.067     0.100     0.000    0.000    0.000    0.000    0.000    0.000    0.000    0.000    0.000    0.000    0.000    0.000    0.000    0.000    0.000    0.000    0.000    0.000    0.000    0.000
     3     0.100     0.133     0.000    0.000    0.000    0.000    0.000    0.000    0.000    0.000    0.000    0.000    0.000    0.000    0.000    0.000    0.000    0.000    0.000    0.000    0.000    0.000
     4     0.133     0.167     0.000    0.000    0.000    0.000    0.000    0.000    0.000    0.000    0.000    0.000    0.000    0.000    0.000    0.000    0.000    0.000    0.000    0.000    0.000    0.000
     5     0.167     0.200     0.000    0.000    0.000    0.000    0.000    0.000    0.000    0.000    0.000    0.000    0.000    0.000    0.000    0.000    0.000    0.000    0.000    0.000    0.000    0.000
     6     0.200     0.234     0.000    0.000    0.000    0.000    0.000    0.000    0.000    0.000    0.000    0.000    0.000    0.000    0.000    0.000    0.000    0.000    0.000    0.000    0.000    0.000
     7     0.234     0.267     0.000    0.000    0.000    0.000    0.000    0.000    0.000    0.000    0.000    0.000    0.000    0.000    0.000    0.000    0.000    0.000    0.000    0.000    0.000    0.000
     8     0.267     0.300     0.000    0.000    0.000    0.000    0.000    0.000    0.000    0.000    0.000    0.000    0.000    0.000    0.000    0.000    0.000    0.000    0.000    0.000    0.000    0.000
     9     0.300     0.334     0.000    0.000    0.000    0.000    0.000    0.000    0.000    0.000    0.000    0.000    0.000    0.000    0.000    0.000    0.000    0.000    0.000    0.000    0.000    0.000

Saved to d:\download hdd\version 2\output\AuFiles\-Eqdz5y4pEY_au_activations.csv

=== Video 4/8: -Alixo7euuU ===
YouTube: https://www.youtube.com/watch?v=-Alixo7euuU
Frames: 6879 | Duration: 229.53s
 Frame  Start(s)    End(s)       AU1      AU2      AU4      AU5      AU6      AU7      AU9     AU10     AU12     AU14     AU15     AU17     AU18     AU20     AU23     AU24     AU25     AU26     AU28     AU43
---------------------------------------------------------------------------------------------------------------------------------------------------------------------------------------------------------------
     0     0.000     0.033    -0.887   -1.065   -0.770   -2.342   -1.856   -2.206   -2.223   -0.113   -2.033   -0.990   -1.085    0.089    0.024   -1.268   -1.590   -0.658   -2.524   -2.125   -2.666    1.827
     1     0.033     0.067    -0.990   -1.099   -0.764   -2.182   -1.527   -2.109   -1.881    0.410   -1.898   -1.124   -0.877    0.129   -0.154   -1.055   -1.600   -0.805   -1.973   -1.892   -2.671    1.847
     2     0.067     0.100    -0.941   -1.055   -0.708   -2.236   -1.480   -2.099   -1.657    0.634   -1.818   -1.152   -0.730    0.285    0.038   -1.008   -1.520   -0.773   -1.737   -1.752   -2.680    1.854
     3     0.100     0.133    -0.964   -1.040   -0.825   -2.335   -1.573   -2.129   -1.628    0.519   -1.874   -1.115   -0.603    0.533    0.314   -1.142   -1.326   -0.554   -1.958   -1.760   -2.776    1.796
     4     0.133     0.167    -0.994   -0.991   -1.013   -2.067   -1.822   -2.273   -2.016    0.278   -1.967   -1.108   -0.704    0.550    0.338   -1.275   -1.218   -0.572   -2.395   -2.030   -2.985    1.583
     5     0.167     0.200    -1.032   -1.006   -1.043   -2.138   -1.936   -2.327   -2.102    0.165   -1.944   -1.047   -0.850    0.545    0.458   -1.354   -1.113   -0.477   -2.452   -1.983   -2.878    1.631
     6     0.200     0.234    -1.017   -1.028   -0.905   -2.127   -1.869   -2.270   -2.078    0.214   -1.945   -1.014   -0.946    0.481    0.309   -1.225   -1.149   -0.570   -2.437   -2.004   -2.852    1.562
     7     0.234     0.267    -1.010   -1.008   -0.946   -2.115   -1.848   -2.262   -2.055    0.285   -1.842   -0.987   -0.937    0.469    0.268   -1.162   -1.126   -0.552   -2.375   -1.977   -2.787    1.481
     8     0.267     0.300    -1.058   -1.040   -0.939   -2.035   -1.724   -2.196   -1.984    0.387   -1.863   -1.000   -1.119    0.288    0.082   -1.144   -1.222   -0.660   -2.262   -1.989   -2.768    1.505
     9     0.300     0.334    -1.001   -0.949   -1.054   -1.899   -1.717   -2.261   -2.094    0.342   -1.728   -0.983   -1.479   -0.016   -0.105   -1.070   -1.242   -0.802   -1.908   -1.782   -2.571    1.450

Saved to d:\download hdd\version 2\output\AuFiles\-Alixo7euuU_au_activations.csv

=== Video 5/8: -3g5yACwYnA ===
YouTube: https://www.youtube.com/watch?v=-3g5yACwYnA
Frames: 4340 | Duration: 144.67s
 Frame  Start(s)    End(s)       AU1      AU2      AU4      AU5      AU6      AU7      AU9     AU10     AU12     AU14     AU15     AU17     AU18     AU20     AU23     AU24     AU25     AU26     AU28     AU43
---------------------------------------------------------------------------------------------------------------------------------------------------------------------------------------------------------------
     0     0.000     0.033    -0.300   -0.255   -0.864   -1.039   -1.330   -0.723   -1.983   -0.274   -1.024   -1.151   -1.776   -1.545   -2.317   -0.003   -1.523   -1.756   -0.326   -1.014   -2.816   -0.720
     1     0.033     0.067    -0.268   -0.196   -0.808   -0.888   -1.377   -0.807   -2.080   -0.142   -1.068   -1.315   -1.917   -1.678   -2.730    0.142   -1.618   -2.033    0.017   -0.805   -2.847   -0.354
     2     0.067     0.100    -0.503   -0.374   -1.028   -1.225   -1.481   -1.034   -2.086   -0.111   -1.077   -1.255   -1.813   -1.295   -2.745    0.306   -1.433   -1.958    0.206   -0.593   -2.491   -0.044
     3     0.100     0.133    -0.525   -0.392   -1.061   -1.237   -1.471   -1.057   -2.092   -0.097   -1.072   -1.254   -1.811   -1.272   -2.720    0.300   -1.413   -1.974    0.215   -0.604   -2.513   -0.042
     4     0.133     0.167     0.215    0.180   -0.455   -1.591   -0.851   -0.721   -1.553   -0.001   -0.875   -1.159   -0.781   -0.763   -2.377    0.366   -1.332   -1.450    0.102   -0.570   -1.839    1.091
     5     0.167     0.200     0.490    0.452   -0.481   -2.203   -0.614   -0.615   -1.596    0.094   -0.638   -1.082   -0.489   -0.539   -2.284    0.254   -1.159   -1.533    0.275   -0.362   -2.227    1.694
     6     0.200     0.233    -0.057   -0.028   -0.636   -2.228   -1.051   -0.900   -1.519   -0.106   -0.841   -1.373   -1.319   -1.354   -3.064    0.289   -1.584   -2.331    0.806    0.031   -2.547    1.962
     7     0.233     0.267    -0.022    0.000   -0.398   -1.525   -0.923   -0.798   -2.192   -0.426   -0.799   -1.186   -1.373   -1.187   -1.709    0.413   -1.468   -1.944    0.078   -0.509   -2.675    1.045
     8     0.267     0.300    -0.027   -0.002   -0.396   -1.513   -0.932   -0.796   -2.186   -0.425   -0.800   -1.181   -1.372   -1.189   -1.724    0.428   -1.474   -1.937    0.077   -0.509   -2.658    1.039
     9     0.300     0.333    -0.247   -0.309   -0.377   -1.190   -0.969   -0.706   -1.741   -0.369   -0.840   -0.897   -0.885   -0.988   -1.348    0.377   -1.023   -1.182   -0.942   -1.396   -2.217    0.174

Saved to d:\download hdd\version 2\output\AuFiles\-3g5yACwYnA_au_activations.csv

=== Video 6/8: -9YyBTjo1zo ===
YouTube: https://www.youtube.com/watch?v=-9YyBTjo1zo
Frames: 21093 | Duration: 703.80s
 Frame  Start(s)    End(s)       AU1      AU2      AU4      AU5      AU6      AU7      AU9     AU10     AU12     AU14     AU15     AU17     AU18     AU20     AU23     AU24     AU25     AU26     AU28     AU43
---------------------------------------------------------------------------------------------------------------------------------------------------------------------------------------------------------------
     0     0.000     0.033     0.000    0.000    0.000    0.000    0.000    0.000    0.000    0.000    0.000    0.000    0.000    0.000    0.000    0.000    0.000    0.000    0.000    0.000    0.000    0.000
     1     0.033     0.067     0.000    0.000    0.000    0.000    0.000    0.000    0.000    0.000    0.000    0.000    0.000    0.000    0.000    0.000    0.000    0.000    0.000    0.000    0.000    0.000
     2     0.067     0.100     0.000    0.000    0.000    0.000    0.000    0.000    0.000    0.000    0.000    0.000    0.000    0.000    0.000    0.000    0.000    0.000    0.000    0.000    0.000    0.000
     3     0.100     0.133     0.000    0.000    0.000    0.000    0.000    0.000    0.000    0.000    0.000    0.000    0.000    0.000    0.000    0.000    0.000    0.000    0.000    0.000    0.000    0.000
     4     0.133     0.167     0.000    0.000    0.000    0.000    0.000    0.000    0.000    0.000    0.000    0.000    0.000    0.000    0.000    0.000    0.000    0.000    0.000    0.000    0.000    0.000
     5     0.167     0.200     0.000    0.000    0.000    0.000    0.000    0.000    0.000    0.000    0.000    0.000    0.000    0.000    0.000    0.000    0.000    0.000    0.000    0.000    0.000    0.000
     6     0.200     0.234     0.000    0.000    0.000    0.000    0.000    0.000    0.000    0.000    0.000    0.000    0.000    0.000    0.000    0.000    0.000    0.000    0.000    0.000    0.000    0.000
     7     0.234     0.267     0.000    0.000    0.000    0.000    0.000    0.000    0.000    0.000    0.000    0.000    0.000    0.000    0.000    0.000    0.000    0.000    0.000    0.000    0.000    0.000
     8     0.267     0.300     0.000    0.000    0.000    0.000    0.000    0.000    0.000    0.000    0.000    0.000    0.000    0.000    0.000    0.000    0.000    0.000    0.000    0.000    0.000    0.000
     9     0.300     0.334     0.000    0.000    0.000    0.000    0.000    0.000    0.000    0.000    0.000    0.000    0.000    0.000    0.000    0.000    0.000    0.000    0.000    0.000    0.000    0.000

Saved to d:\download hdd\version 2\output\AuFiles\-9YyBTjo1zo_au_activations.csv

=== Video 7/8: -3nNcZdcdvU ===
YouTube: https://www.youtube.com/watch?v=-3nNcZdcdvU
Frames: 1328 | Duration: 44.27s
 Frame  Start(s)    End(s)       AU1      AU2      AU4      AU5      AU6      AU7      AU9     AU10     AU12     AU14     AU15     AU17     AU18     AU20     AU23     AU24     AU25     AU26     AU28     AU43
---------------------------------------------------------------------------------------------------------------------------------------------------------------------------------------------------------------
     0     0.000     0.033     0.000    0.000    0.000    0.000    0.000    0.000    0.000    0.000    0.000    0.000    0.000    0.000    0.000    0.000    0.000    0.000    0.000    0.000    0.000    0.000
     1     0.033     0.067     0.000    0.000    0.000    0.000    0.000    0.000    0.000    0.000    0.000    0.000    0.000    0.000    0.000    0.000    0.000    0.000    0.000    0.000    0.000    0.000
     2     0.067     0.100     0.000    0.000    0.000    0.000    0.000    0.000    0.000    0.000    0.000    0.000    0.000    0.000    0.000    0.000    0.000    0.000    0.000    0.000    0.000    0.000
     3     0.100     0.133     0.000    0.000    0.000    0.000    0.000    0.000    0.000    0.000    0.000    0.000    0.000    0.000    0.000    0.000    0.000    0.000    0.000    0.000    0.000    0.000
     4     0.133     0.167     0.000    0.000    0.000    0.000    0.000    0.000    0.000    0.000    0.000    0.000    0.000    0.000    0.000    0.000    0.000    0.000    0.000    0.000    0.000    0.000
     5     0.167     0.200     0.000    0.000    0.000    0.000    0.000    0.000    0.000    0.000    0.000    0.000    0.000    0.000    0.000    0.000    0.000    0.000    0.000    0.000    0.000    0.000
     6     0.200     0.233     0.113   -0.079    0.493   -1.622    1.393   -0.144   -0.437    1.604    1.988   -0.056   -0.211    0.247   -2.452   -0.281   -0.579   -0.916   -0.288   -1.033   -2.033   -0.240
     7     0.233     0.267     0.207    0.097    0.651   -1.396    1.296    0.036   -0.288    1.376    1.883    0.197   -0.429    0.106   -2.693   -0.165   -0.622   -0.976   -0.175   -1.041   -1.747   -0.178
     8     0.267     0.300     0.085    0.272    0.096   -0.816    0.819    0.344   -0.735    0.793    1.488   -0.610   -0.423   -0.596   -2.463    0.846   -0.850   -1.293    0.504   -0.845   -1.655    0.047
     9     0.300     0.333     0.137    0.306   -0.004   -0.740    0.791    0.317   -0.994    0.776    1.466   -0.667   -0.623   -0.936   -2.633    0.975   -0.939   -1.490    0.693   -0.862   -1.858   -0.350

Saved to d:\download hdd\version 2\output\AuFiles\-3nNcZdcdvU_au_activations.csv

=== Video 8/8: -9y-fZ3swSY ===
YouTube: https://www.youtube.com/watch?v=-9y-fZ3swSY
Frames: 1769 | Duration: 58.97s
 Frame  Start(s)    End(s)       AU1      AU2      AU4      AU5      AU6      AU7      AU9     AU10     AU12     AU14     AU15     AU17     AU18     AU20     AU23     AU24     AU25     AU26     AU28     AU43
---------------------------------------------------------------------------------------------------------------------------------------------------------------------------------------------------------------
     0     0.000     0.033     0.602   -0.197    0.698   -1.256   -0.258   -0.412   -2.080   -0.433    0.110   -0.237   -0.947   -0.753   -0.924   -0.158   -0.641   -0.769    0.075   -0.741   -1.917   -0.830
     1     0.033     0.067     0.608   -0.194    0.702   -1.256   -0.258   -0.412   -2.078   -0.433    0.107   -0.238   -0.945   -0.753   -0.924   -0.159   -0.642   -0.770    0.075   -0.741   -1.919   -0.832
     2     0.067     0.100     0.602   -0.196    0.695   -1.254   -0.257   -0.413   -2.081   -0.433    0.111   -0.237   -0.950   -0.754   -0.928   -0.156   -0.641   -0.771    0.078   -0.738   -1.916   -0.829
     3     0.100     0.133     0.625   -0.309    0.876   -1.350   -0.455   -0.424   -2.136   -0.819    0.134    0.119   -0.855   -0.302   -0.075   -0.489   -0.480   -0.321   -0.466   -0.826   -1.697   -0.557
     4     0.133     0.167     0.660   -0.287    0.839   -1.138   -0.541   -0.483   -2.374   -1.010    0.215    0.410   -0.331    0.108    0.092   -0.608   -0.225   -0.015   -0.866   -0.822   -1.425   -0.841
     5     0.167     0.200     0.630   -0.227    0.670   -1.174   -0.715   -0.597   -2.862   -1.203    0.262    0.399   -0.774   -0.208    0.210   -0.779   -0.411   -0.081   -0.950   -1.039   -1.751   -1.019
     6     0.200     0.233     0.621   -0.092    0.499   -0.932   -0.519   -0.403   -2.960   -1.019    0.239    0.053   -0.931   -0.729   -0.866   -0.309   -0.681   -0.475   -0.240   -0.568   -1.403   -1.391
     7     0.233     0.267     0.587   -0.128    0.472   -0.943   -0.529   -0.414   -2.973   -1.031    0.241    0.036   -0.933   -0.731   -0.864   -0.303   -0.693   -0.473   -0.268   -0.594   -1.413   -1.409
     8     0.267     0.300    -1.600   -1.696    0.047   -0.405   -1.774   -1.350   -1.355   -1.769   -1.699    0.235   -1.348    1.958    1.237   -2.601    0.835    1.158   -3.248   -1.088   -0.614    0.168
     9     0.300     0.333     0.602    0.052    0.258   -0.573    0.391   -0.442   -2.356    0.191    0.834   -0.434   -0.368   -0.756   -2.947    0.783   -0.558   -1.192    1.208   -0.309   -1.378   -1.425

Saved to d:\download hdd\version 2\output\AuFiles\-9y-fZ3swSY_au_activations.csv

Done! Processed 8/8 available videos.
