Total videos available: 3837
Processing 5 video(s)...

=== Video 1/5: --qXJuDtHPw ===
YouTube: https://www.youtube.com/watch?v=--qXJuDtHPw
Frames: 1715 | Duration: 57.17s
 Frame  Start(s)    End(s)       AU1      AU2      AU4      AU5      AU6      AU7      AU9     AU10     AU12     AU14     AU15     AU17     AU18     AU20     AU23     AU24     AU25     AU26     AU28     AU43
---------------------------------------------------------------------------------------------------------------------------------------------------------------------------------------------------------------
     0     0.000     0.033    -0.148   -0.501    0.089   -1.874   -0.479   -0.865   -0.885    0.636   -0.893   -1.304   -1.136   -0.884   -0.709    0.096   -1.185   -1.110    0.373   -0.177   -1.701    2.908
     1     0.033     0.067    -0.091   -0.532    0.312   -1.861   -0.452   -0.778   -0.741    0.538   -0.944   -1.374   -1.171   -1.046   -0.732   -0.029   -1.238   -1.095    0.497   -0.030   -1.804    3.047
     2     0.067     0.100    -0.360   -0.682   -0.012   -1.899   -0.375   -0.864   -0.899    0.302   -0.730   -1.044   -0.985   -0.756   -0.301    0.098   -1.012   -0.834   -0.005   -0.335   -1.130    2.721
     3     0.100     0.133    -0.438   -1.049    0.123   -2.252   -0.337   -0.798   -0.628    0.240   -0.803   -0.794   -0.570   -0.429    0.116    0.243   -1.049   -0.681   -0.617   -0.795   -0.651    2.665
     4     0.133     0.167    -0.595   -1.081    0.042   -2.197   -0.227   -0.798   -0.533    0.277   -0.788   -0.719   -0.500   -0.280    0.090    0.159   -0.995   -0.508   -0.726   -0.718   -0.615    2.479
     5     0.167     0.200    -0.469   -1.144    0.152   -2.172   -0.156   -0.741   -0.521    0.503   -0.934   -0.641   -0.324   -0.045    0.088   -0.043   -0.904   -0.255   -1.055   -0.972   -0.862    2.547
     6     0.200     0.233    -0.399   -1.031    0.095   -2.081   -0.114   -0.810   -0.264    0.720   -0.796   -0.617   -0.063    0.042    0.059    0.011   -0.793   -0.229   -0.916   -0.945   -0.755    2.324
     7     0.233     0.267    -0.555   -1.001   -0.074   -1.987   -0.177   -0.848   -0.612    0.380   -0.727   -0.740   -0.347   -0.177   -0.060    0.272   -0.911   -0.459   -0.773   -0.714   -0.610    2.366
     8     0.267     0.300    -0.591   -1.178    0.103   -2.125   -0.038   -0.778   -0.216    0.719   -0.738   -0.662   -0.263   -0.022   -0.026    0.066   -0.827   -0.308   -0.961   -0.917   -0.799    2.528
     9     0.300     0.333    -0.770   -1.323    0.184   -2.142   -0.066   -0.775   -0.125    0.920   -0.819   -0.697   -0.505    0.056    0.234   -0.000   -0.881   -0.310   -1.029   -0.978   -1.085    2.583

Saved to au_outputs/--qXJuDtHPw_au_activations.csv

=== Video 2/5: -3g5yACwYnA ===
YouTube: https://www.youtube.com/watch?v=-3g5yACwYnA
Frames: 4340 | Duration: 144.67s
 Frame  Start(s)    End(s)       AU1      AU2      AU4      AU5      AU6      AU7      AU9     AU10     AU12     AU14     AU15     AU17     AU18     AU20     AU23     AU24     AU25     AU26     AU28     AU43
---------------------------------------------------------------------------------------------------------------------------------------------------------------------------------------------------------------
     0     0.000     0.033    -0.300   -0.255   -0.864   -1.039   -1.330   -0.723   -1.983   -0.274   -1.024   -1.151   -1.776   -1.545   -2.317   -0.003   -1.523   -1.756   -0.326   -1.014   -2.816   -0.720
     1     0.033     0.067    -0.268   -0.196   -0.808   -0.888   -1.377   -0.807   -2.080   -0.142   -1.068   -1.315   -1.917   -1.678   -2.730    0.142   -1.618   -2.033    0.017   -0.805   -2.847   -0.354
     2     0.067     0.100    -0.503   -0.374   -1.028   -1.225   -1.481   -1.034   -2.086   -0.111   -1.077   -1.255   -1.813   -1.295   -2.745    0.306   -1.433   -1.958    0.206   -0.593   -2.491   -0.044
     3     0.100     0.133    -0.525   -0.392   -1.061   -1.237   -1.471   -1.057   -2.092   -0.097   -1.072   -1.254   -1.811   -1.272   -2.720    0.300   -1.413   -1.974    0.215   -0.604   -2.513   -0.042
     4     0.133     0.167     0.215    0.180   -0.455   -1.591   -0.851   -0.721   -1.553   -0.001   -0.875   -1.159   -0.781   -0.763   -2.377    0.366   -1.332   -1.450    0.102   -0.570   -1.839    1.091
     5     0.167     0.200     0.490    0.452   -0.481   -2.203   -0.614   -0.615   -1.596    0.094   -0.638   -1.082   -0.489   -0.539   -2.284    0.254   -1.159   -1.533    0.275   -0.362   -2.227    1.694
     6     0.200     0.233    -0.057   -0.028   -0.636   -2.228   -1.051   -0.900   -1.519   -0.106   -0.841   -1.373   -1.319   -1.354   -3.064    0.289   -1.584   -2.331    0.806    0.031   -2.547    1.962
     7     0.233     0.267    -0.022    0.000   -0.398   -1.525   -0.923   -0.798   -2.192   -0.426   -0.799   -1.186   -1.373   -1.187   -1.709    0.413   -1.468   -1.944    0.078   -0.509   -2.675    1.045
     8     0.267     0.300    -0.027   -0.002   -0.396   -1.513   -0.932   -0.796   -2.186   -0.425   -0.800   -1.181   -1.372   -1.189   -1.724    0.428   -1.474   -1.937    0.077   -0.509   -2.658    1.039
     9     0.300     0.333    -0.247   -0.309   -0.377   -1.190   -0.969   -0.706   -1.741   -0.369   -0.840   -0.897   -0.885   -0.988   -1.348    0.377   -1.023   -1.182   -0.942   -1.396   -2.217    0.174

Saved to au_outputs/-3g5yACwYnA_au_activations.csv

=== Video 3/5: -3nNcZdcdvU ===
YouTube: https://www.youtube.com/watch?v=-3nNcZdcdvU
Frames: 1328 | Duration: 44.27s
 Frame  Start(s)    End(s)       AU1      AU2      AU4      AU5      AU6      AU7      AU9     AU10     AU12     AU14     AU15     AU17     AU18     AU20     AU23     AU24     AU25     AU26     AU28     AU43
---------------------------------------------------------------------------------------------------------------------------------------------------------------------------------------------------------------
     0     0.000     0.033     0.000    0.000    0.000    0.000    0.000    0.000    0.000    0.000    0.000    0.000    0.000    0.000    0.000    0.000    0.000    0.000    0.000    0.000    0.000    0.000
     1     0.033     0.067     0.000    0.000    0.000    0.000    0.000    0.000    0.000    0.000    0.000    0.000    0.000    0.000    0.000    0.000    0.000    0.000    0.000    0.000    0.000    0.000
     2     0.067     0.100     0.000    0.000    0.000    0.000    0.000    0.000    0.000    0.000    0.000    0.000    0.000    0.000    0.000    0.000    0.000    0.000    0.000    0.000    0.000    0.000
     3     0.100     0.133     0.000    0.000    0.000    0.000    0.000    0.000    0.000    0.000    0.000    0.000    0.000    0.000    0.000    0.000    0.000    0.000    0.000    0.000    0.000    0.000
     4     0.133     0.167     0.000    0.000    0.000    0.000    0.000    0.000    0.000    0.000    0.000    0.000    0.000    0.000    0.000    0.000    0.000    0.000    0.000    0.000    0.000    0.000
     5     0.167     0.200     0.000    0.000    0.000    0.000    0.000    0.000    0.000    0.000    0.000    0.000    0.000    0.000    0.000    0.000    0.000    0.000    0.000    0.000    0.000    0.000
     6     0.200     0.233     0.113   -0.079    0.493   -1.622    1.393   -0.144   -0.437    1.604    1.988   -0.056   -0.211    0.247   -2.452   -0.281   -0.579   -0.916   -0.288   -1.033   -2.033   -0.240
     7     0.233     0.267     0.207    0.097    0.651   -1.396    1.296    0.036   -0.288    1.376    1.883    0.197   -0.429    0.106   -2.693   -0.165   -0.622   -0.976   -0.175   -1.041   -1.747   -0.178
     8     0.267     0.300     0.085    0.272    0.096   -0.816    0.819    0.344   -0.735    0.793    1.488   -0.610   -0.423   -0.596   -2.463    0.846   -0.850   -1.293    0.504   -0.845   -1.655    0.047
     9     0.300     0.333     0.137    0.306   -0.004   -0.740    0.791    0.317   -0.994    0.776    1.466   -0.667   -0.623   -0.936   -2.633    0.975   -0.939   -1.490    0.693   -0.862   -1.858   -0.350

Saved to au_outputs/-3nNcZdcdvU_au_activations.csv

=== Video 4/5: -571d8cVauQ ===
YouTube: https://www.youtube.com/watch?v=-571d8cVauQ
Frames: 2677 | Duration: 89.23s
 Frame  Start(s)    End(s)       AU1      AU2      AU4      AU5      AU6      AU7      AU9     AU10     AU12     AU14     AU15     AU17     AU18     AU20     AU23     AU24     AU25     AU26     AU28     AU43
---------------------------------------------------------------------------------------------------------------------------------------------------------------------------------------------------------------
     0     0.000     0.033     0.000    0.000    0.000    0.000    0.000    0.000    0.000    0.000    0.000    0.000    0.000    0.000    0.000    0.000    0.000    0.000    0.000    0.000    0.000    0.000
     1     0.033     0.067     0.000    0.000    0.000    0.000    0.000    0.000    0.000    0.000    0.000    0.000    0.000    0.000    0.000    0.000    0.000    0.000    0.000    0.000    0.000    0.000
     2     0.067     0.100     0.000    0.000    0.000    0.000    0.000    0.000    0.000    0.000    0.000    0.000    0.000    0.000    0.000    0.000    0.000    0.000    0.000    0.000    0.000    0.000
     3     0.100     0.133     0.000    0.000    0.000    0.000    0.000    0.000    0.000    0.000    0.000    0.000    0.000    0.000    0.000    0.000    0.000    0.000    0.000    0.000    0.000    0.000
     4     0.133     0.167     0.000    0.000    0.000    0.000    0.000    0.000    0.000    0.000    0.000    0.000    0.000    0.000    0.000    0.000    0.000    0.000    0.000    0.000    0.000    0.000
     5     0.167     0.200    -1.054   -1.014   -0.280   -1.424   -1.013   -1.057   -0.587   -0.442   -0.630   -0.102   -0.943   -0.142    0.926   -1.754   -0.313    0.225   -2.762   -1.752   -1.428   -0.281
     6     0.200     0.233    -0.623   -0.495   -0.210   -1.120   -1.399   -1.126   -1.020   -0.664   -0.622   -0.360   -0.935    0.032    0.066   -0.221   -0.588   -0.226   -1.981   -1.538   -0.748    1.064
     7     0.233     0.267    -1.590   -1.143    0.328   -0.787   -0.393   -0.192    0.843   -0.105   -0.771   -0.745   -1.200   -0.172    0.115   -1.036   -0.595   -0.293   -1.382   -1.376   -1.884    0.611
     8     0.267     0.300    -0.747   -1.006    0.346   -1.453   -0.974   -0.604   -0.025   -0.539   -1.034   -0.648   -1.380   -0.616    0.159   -0.598   -0.770   -0.618   -1.034   -1.217   -1.312    1.749
     9     0.300     0.333    -0.692   -0.817    0.069   -1.185   -1.067   -0.877   -0.249   -0.696   -1.051   -0.777   -1.067   -0.168   -0.120   -0.705   -0.682   -0.507   -1.536   -1.630   -1.579    1.921

Saved to au_outputs/-571d8cVauQ_au_activations.csv

=== Video 5/5: -6rXp3zJ3kc ===
YouTube: https://www.youtube.com/watch?v=-6rXp3zJ3kc
Frames: 2255 | Duration: 75.17s
 Frame  Start(s)    End(s)       AU1      AU2      AU4      AU5      AU6      AU7      AU9     AU10     AU12     AU14     AU15     AU17     AU18     AU20     AU23     AU24     AU25     AU26     AU28     AU43
---------------------------------------------------------------------------------------------------------------------------------------------------------------------------------------------------------------
     0     0.000     0.033     0.000    0.000    0.000    0.000    0.000    0.000    0.000    0.000    0.000    0.000    0.000    0.000    0.000    0.000    0.000    0.000    0.000    0.000    0.000    0.000
     1     0.033     0.067     0.000    0.000    0.000    0.000    0.000    0.000    0.000    0.000    0.000    0.000    0.000    0.000    0.000    0.000    0.000    0.000    0.000    0.000    0.000    0.000
     2     0.067     0.100     0.000    0.000    0.000    0.000    0.000    0.000    0.000    0.000    0.000    0.000    0.000    0.000    0.000    0.000    0.000    0.000    0.000    0.000    0.000    0.000
     3     0.100     0.133     0.000    0.000    0.000    0.000    0.000    0.000    0.000    0.000    0.000    0.000    0.000    0.000    0.000    0.000    0.000    0.000    0.000    0.000    0.000    0.000
     4     0.133     0.167     0.000    0.000    0.000    0.000    0.000    0.000    0.000    0.000    0.000    0.000    0.000    0.000    0.000    0.000    0.000    0.000    0.000    0.000    0.000    0.000
     5     0.167     0.200     0.000    0.000    0.000    0.000    0.000    0.000    0.000    0.000    0.000    0.000    0.000    0.000    0.000    0.000    0.000    0.000    0.000    0.000    0.000    0.000
     6     0.200     0.233     0.000    0.000    0.000    0.000    0.000    0.000    0.000    0.000    0.000    0.000    0.000    0.000    0.000    0.000    0.000    0.000    0.000    0.000    0.000    0.000
     7     0.233     0.267     0.000    0.000    0.000    0.000    0.000    0.000    0.000    0.000    0.000    0.000    0.000    0.000    0.000    0.000    0.000    0.000    0.000    0.000    0.000    0.000
     8     0.267     0.300     0.000    0.000    0.000    0.000    0.000    0.000    0.000    0.000    0.000    0.000    0.000    0.000    0.000    0.000    0.000    0.000    0.000    0.000    0.000    0.000
     9     0.300     0.333    -0.997   -0.821   -0.652   -1.278   -0.754   -0.769   -1.533   -0.412    0.095    0.808   -1.411   -0.427   -1.789   -0.440   -0.360    0.043   -0.733    0.121   -0.009    0.285

Saved to au_outputs/-6rXp3zJ3kc_au_activations.csv

Links saved to links\AUvideo_links.txt
